babysitters_app/build/app/intermediates/manifest_merge_blame_file/debug/manifest-merger-blame-debug-report.txt
1<?xml version="1.0" encoding="utf-8"?>
2<manifest xmlns:android="http://schemas.android.com/apk/res/android"
3    package="com.tesis.babysitters_app"
4    android:versionCode="1"
5    android:versionName="1.0.0" >
6
7    <uses-sdk
8        android:minSdkVersion="21"
9        android:targetSdkVersion="31" />
10    <!--
11         The INTERNET permission is required for development. Specifically,
12         the Flutter tool needs it to communicate with the running application
13         to allow setting breakpoints, to provide hot reload, etc.
14    -->
15    <uses-permission android:name="android.permission.INTERNET" />
15-->src\debug\AndroidManifest.xml:7:5-66
15-->src\debug\AndroidManifest.xml:7:22-64
16    <uses-permission android:name="android.permission.WAKE_LOCK" />
16-->[:firebase_messaging] AndroidManifest.xml:10:5-68
16-->[:firebase_messaging] AndroidManifest.xml:10:22-65
17    <uses-permission android:name="android.permission.ACCESS_NETWORK_STATE" /> <!-- Permissions options for the `notification` group -->
17-->[:firebase_messaging] AndroidManifest.xml:11:5-79
17-->[:firebase_messaging] AndroidManifest.xml:11:22-76
18    <uses-permission android:name="android.permission.POST_NOTIFICATIONS" />
18-->[:firebase_messaging] AndroidManifest.xml:13:5-77
18-->[:firebase_messaging] AndroidManifest.xml:13:22-74
19    <uses-permission android:name="android.permission.BROADCAST_CLOSE_SYSTEM_DIALOGS" />
19-->[:awesome_notifications] AndroidManifest.xml:10:5-89
19-->[:awesome_notifications] AndroidManifest.xml:10:22-86
20    <uses-permission android:name="android.permission.RECEIVE_BOOT_COMPLETED" />
20-->[:awesome_notifications] AndroidManifest.xml:11:5-81
20-->[:awesome_notifications] AndroidManifest.xml:11:22-78
21    <uses-permission android:name="android.permission.VIBRATE" /> <!-- Required by older versions of Google Play services to create IID tokens -->
21-->[:awesome_notifications] AndroidManifest.xml:12:5-66
21-->[:awesome_notifications] AndroidManifest.xml:12:22-63
22    <uses-permission android:name="com.google.android.c2dm.permission.RECEIVE" />
22-->[com.google.firebase:firebase-iid:21.1.0] AndroidManifest.xml:26:5-82
22-->[com.google.firebase:firebase-iid:21.1.0] AndroidManifest.xml:26:22-79
23    <uses-permission android:name="com.google.android.finsky.permission.BIND_GET_INSTALL_REFERRER_SERVICE" />
23-->[com.google.android.gms:play-services-measurement:21.2.0] AndroidManifest.xml:26:5-110
23-->[com.google.android.gms:play-services-measurement:21.2.0] AndroidManifest.xml:26:22-107
24    <uses-permission android:name="com.google.android.gms.permission.AD_ID" /> <!-- for android -->
24-->[com.google.android.gms:play-services-measurement-impl:21.2.0] AndroidManifest.xml:27:5-79
24-->[com.google.android.gms:play-services-measurement-impl:21.2.0] AndroidManifest.xml:27:22-76
25    <!-- <uses-permission android:name="com.android.launcher.permission.READ_SETTINGS"/> -->
26    <!-- <uses-permission android:name="com.android.launcher.permission.WRITE_SETTINGS"/> -->
27    <!-- <uses-permission android:name="com.android.launcher.permission.INSTALL_SHORTCUT" /> -->
28    <!-- <uses-permission android:name="com.android.launcher.permission.UNINSTALL_SHORTCUT" /> -->
29    <!-- for Samsung -->
30    <uses-permission android:name="com.sec.android.provider.badge.permission.READ" />
30-->[me.leolin:ShortcutBadger:1.1.22] AndroidManifest.xml:19:5-86
30-->[me.leolin:ShortcutBadger:1.1.22] AndroidManifest.xml:19:22-83
31    <uses-permission android:name="com.sec.android.provider.badge.permission.WRITE" /> <!-- for htc -->
31-->[me.leolin:ShortcutBadger:1.1.22] AndroidManifest.xml:20:5-87
31-->[me.leolin:ShortcutBadger:1.1.22] AndroidManifest.xml:20:22-84
32    <uses-permission android:name="com.htc.launcher.permission.READ_SETTINGS" />
32-->[me.leolin:ShortcutBadger:1.1.22] AndroidManifest.xml:23:5-81
32-->[me.leolin:ShortcutBadger:1.1.22] AndroidManifest.xml:23:22-78
33    <uses-permission android:name="com.htc.launcher.permission.UPDATE_SHORTCUT" /> <!-- for sony -->
33-->[me.leolin:ShortcutBadger:1.1.22] AndroidManifest.xml:24:5-83
33-->[me.leolin:ShortcutBadger:1.1.22] AndroidManifest.xml:24:22-80
34    <uses-permission android:name="com.sonyericsson.home.permission.BROADCAST_BADGE" />
34-->[me.leolin:ShortcutBadger:1.1.22] AndroidManifest.xml:27:5-88
34-->[me.leolin:ShortcutBadger:1.1.22] AndroidManifest.xml:27:22-85
35    <uses-permission android:name="com.sonymobile.home.permission.PROVIDER_INSERT_BADGE" /> <!-- for apex -->
35-->[me.leolin:ShortcutBadger:1.1.22] AndroidManifest.xml:28:5-92
35-->[me.leolin:ShortcutBadger:1.1.22] AndroidManifest.xml:28:22-89
36    <uses-permission android:name="com.anddoes.launcher.permission.UPDATE_COUNT" /> <!-- for solid -->
36-->[me.leolin:ShortcutBadger:1.1.22] AndroidManifest.xml:31:5-84
36-->[me.leolin:ShortcutBadger:1.1.22] AndroidManifest.xml:31:22-81
37    <uses-permission android:name="com.majeur.launcher.permission.UPDATE_BADGE" /> <!-- for huawei -->
37-->[me.leolin:ShortcutBadger:1.1.22] AndroidManifest.xml:34:5-83
37-->[me.leolin:ShortcutBadger:1.1.22] AndroidManifest.xml:34:22-80
38    <uses-permission android:name="com.huawei.android.launcher.permission.CHANGE_BADGE" />
38-->[me.leolin:ShortcutBadger:1.1.22] AndroidManifest.xml:37:5-91
38-->[me.leolin:ShortcutBadger:1.1.22] AndroidManifest.xml:37:22-88
39    <uses-permission android:name="com.huawei.android.launcher.permission.READ_SETTINGS" />
39-->[me.leolin:ShortcutBadger:1.1.22] AndroidManifest.xml:38:5-92
39-->[me.leolin:ShortcutBadger:1.1.22] AndroidManifest.xml:38:22-89
40    <uses-permission android:name="com.huawei.android.launcher.permission.WRITE_SETTINGS" /> <!-- for ZUK -->
40-->[me.leolin:ShortcutBadger:1.1.22] AndroidManifest.xml:39:5-93
40-->[me.leolin:ShortcutBadger:1.1.22] AndroidManifest.xml:39:22-90
41    <uses-permission android:name="android.permission.READ_APP_BADGE" /> <!-- for OPPO -->
41-->[me.leolin:ShortcutBadger:1.1.22] AndroidManifest.xml:42:5-73
41-->[me.leolin:ShortcutBadger:1.1.22] AndroidManifest.xml:42:22-70
42    <uses-permission android:name="com.oppo.launcher.permission.READ_SETTINGS" />
42-->[me.leolin:ShortcutBadger:1.1.22] AndroidManifest.xml:45:5-82
42-->[me.leolin:ShortcutBadger:1.1.22] AndroidManifest.xml:45:22-79
43    <uses-permission android:name="com.oppo.launcher.permission.WRITE_SETTINGS" /> <!-- for EvMe -->
43-->[me.leolin:ShortcutBadger:1.1.22] AndroidManifest.xml:46:5-83
43-->[me.leolin:ShortcutBadger:1.1.22] AndroidManifest.xml:46:22-80
44    <uses-permission android:name="me.everything.badger.permission.BADGE_COUNT_READ" />
44-->[me.leolin:ShortcutBadger:1.1.22] AndroidManifest.xml:49:5-88
44-->[me.leolin:ShortcutBadger:1.1.22] AndroidManifest.xml:49:22-85
45    <uses-permission android:name="me.everything.badger.permission.BADGE_COUNT_WRITE" />
45-->[me.leolin:ShortcutBadger:1.1.22] AndroidManifest.xml:50:5-89
45-->[me.leolin:ShortcutBadger:1.1.22] AndroidManifest.xml:50:22-86
46
47    <application
48        android:name="android.app.Application"
49        android:appComponentFactory="androidx.core.app.CoreComponentFactory"
49-->[androidx.core:core:1.8.0] AndroidManifest.xml:24:18-86
50        android:debuggable="true"
51        android:icon="@mipmap/ic_launcher"
52        android:label="babysitters_app"
53        android:usesCleartextTraffic="true" >
53-->[:cloud_functions] AndroidManifest.xml:11:9-44
54        <activity
55            android:name="com.tesis.babysitters_app.MainActivity"
56            android:configChanges="orientation|keyboardHidden|keyboard|screenSize|smallestScreenSize|locale|layoutDirection|fontScale|screenLayout|density|uiMode"
57            android:exported="true"
58            android:hardwareAccelerated="true"
59            android:launchMode="singleTop"
60            android:theme="@style/LaunchTheme"
61            android:usesCleartextTraffic="true"
62            android:windowSoftInputMode="adjustResize" >
63
64            <!--
65                 Specifies an Android theme to apply to this Activity as soon as
66                 the Android process has started. This theme is visible to the user
67                 while the Flutter UI initializes. After that, this theme continues
68                 to determine the Window background behind the Flutter UI.
69            -->
70            <meta-data
71                android:name="io.flutter.embedding.android.NormalTheme"
72                android:resource="@style/NormalTheme" />
73
74            <intent-filter>
75                <action android:name="android.intent.action.MAIN" />
76
77                <category android:name="android.intent.category.LAUNCHER" />
78            </intent-filter>
79        </activity>
80        <!--
81             Don't delete the meta-data below.
82             This is used by the Flutter tool to generate GeneratedPluginRegistrant.java
83        -->
84        <meta-data
85            android:name="flutterEmbedding"
86            android:value="2" />
87
88        <service
88-->[:cloud_functions] AndroidManifest.xml:13:9-17:19
89            android:name="com.google.firebase.components.ComponentDiscoveryService"
89-->[:cloud_functions] AndroidManifest.xml:13:18-89
90            android:directBootAware="true"
90-->[com.google.firebase:firebase-common:20.2.0] AndroidManifest.xml:34:13-43
91            android:exported="false" >
91-->[com.google.firebase:firebase-analytics-ktx:21.2.0] AndroidManifest.xml:10:13-37
92            <meta-data
92-->[:cloud_functions] AndroidManifest.xml:14:13-16:85
93                android:name="com.google.firebase.components:io.flutter.plugins.firebase.functions.FlutterFirebaseAppRegistrar"
93-->[:cloud_functions] AndroidManifest.xml:15:17-128
94                android:value="com.google.firebase.components.ComponentRegistrar" />
94-->[:cloud_functions] AndroidManifest.xml:16:17-82
95            <meta-data
95-->[:firebase_auth] AndroidManifest.xml:11:13-13:85
96                android:name="com.google.firebase.components:io.flutter.plugins.firebase.auth.FlutterFirebaseAuthRegistrar"
96-->[:firebase_auth] AndroidManifest.xml:12:17-124
97                android:value="com.google.firebase.components.ComponentRegistrar" />
97-->[:firebase_auth] AndroidManifest.xml:13:17-82
98            <meta-data
98-->[:firebase_storage] AndroidManifest.xml:11:13-13:85
99                android:name="com.google.firebase.components:io.flutter.plugins.firebase.storage.FlutterFirebaseAppRegistrar"
99-->[:firebase_storage] AndroidManifest.xml:12:17-126
100                android:value="com.google.firebase.components.ComponentRegistrar" />
100-->[:firebase_storage] AndroidManifest.xml:13:17-82
101            <meta-data
101-->[:cloud_firestore] AndroidManifest.xml:11:13-13:85
102                android:name="com.google.firebase.components:io.flutter.plugins.firebase.firestore.FlutterFirebaseFirestoreRegistrar"
102-->[:cloud_firestore] AndroidManifest.xml:12:17-134
103                android:value="com.google.firebase.components.ComponentRegistrar" />
103-->[:cloud_firestore] AndroidManifest.xml:13:17-82
104            <meta-data
104-->[:firebase_messaging] AndroidManifest.xml:38:13-40:85
105                android:name="com.google.firebase.components:io.flutter.plugins.firebase.messaging.FlutterFirebaseAppRegistrar"
105-->[:firebase_messaging] AndroidManifest.xml:39:17-128
106                android:value="com.google.firebase.components.ComponentRegistrar" />
106-->[:firebase_messaging] AndroidManifest.xml:40:17-82
107            <meta-data
107-->[:firebase_core] AndroidManifest.xml:11:13-13:85
108                android:name="com.google.firebase.components:io.flutter.plugins.firebase.core.FlutterFirebaseCoreRegistrar"
108-->[:firebase_core] AndroidManifest.xml:12:17-124
109                android:value="com.google.firebase.components.ComponentRegistrar" />
109-->[:firebase_core] AndroidManifest.xml:13:17-82
110            <meta-data
110-->[com.google.firebase:firebase-analytics-ktx:21.2.0] AndroidManifest.xml:11:13-13:85
111                android:name="com.google.firebase.components:com.google.firebase.analytics.ktx.FirebaseAnalyticsKtxRegistrar"
111-->[com.google.firebase:firebase-analytics-ktx:21.2.0] AndroidManifest.xml:12:17-126
112                android:value="com.google.firebase.components.ComponentRegistrar" />
112-->[com.google.firebase:firebase-analytics-ktx:21.2.0] AndroidManifest.xml:13:17-82
113            <meta-data
113-->[com.google.firebase:firebase-common-ktx:20.2.0] AndroidManifest.xml:14:13-16:85
114                android:name="com.google.firebase.components:com.google.firebase.ktx.FirebaseCommonKtxRegistrar"
114-->[com.google.firebase:firebase-common-ktx:20.2.0] AndroidManifest.xml:15:17-113
115                android:value="com.google.firebase.components.ComponentRegistrar" />
115-->[com.google.firebase:firebase-common-ktx:20.2.0] AndroidManifest.xml:16:17-82
116            <meta-data
116-->[com.google.firebase:firebase-functions:20.2.1] AndroidManifest.xml:17:13-19:85
117                android:name="com.google.firebase.components:com.google.firebase.functions.FunctionsRegistrar"
117-->[com.google.firebase:firebase-functions:20.2.1] AndroidManifest.xml:18:17-111
118                android:value="com.google.firebase.components.ComponentRegistrar" />
118-->[com.google.firebase:firebase-functions:20.2.1] AndroidManifest.xml:19:17-82
119            <meta-data
119-->[com.google.firebase:firebase-iid:21.1.0] AndroidManifest.xml:32:13-34:85
120                android:name="com.google.firebase.components:com.google.firebase.iid.Registrar"
120-->[com.google.firebase:firebase-iid:21.1.0] AndroidManifest.xml:33:17-96
121                android:value="com.google.firebase.components.ComponentRegistrar" />
121-->[com.google.firebase:firebase-iid:21.1.0] AndroidManifest.xml:34:17-82
122            <meta-data
122-->[com.google.firebase:firebase-messaging:23.1.1] AndroidManifest.xml:55:13-57:85
123                android:name="com.google.firebase.components:com.google.firebase.messaging.FirebaseMessagingRegistrar"
123-->[com.google.firebase:firebase-messaging:23.1.1] AndroidManifest.xml:56:17-119
124                android:value="com.google.firebase.components.ComponentRegistrar" />
124-->[com.google.firebase:firebase-messaging:23.1.1] AndroidManifest.xml:57:17-82
125            <meta-data
125-->[com.google.firebase:firebase-auth:21.1.0] AndroidManifest.xml:67:13-69:85
126                android:name="com.google.firebase.components:com.google.firebase.auth.FirebaseAuthRegistrar"
126-->[com.google.firebase:firebase-auth:21.1.0] AndroidManifest.xml:68:17-109
127                android:value="com.google.firebase.components.ComponentRegistrar" />
127-->[com.google.firebase:firebase-auth:21.1.0] AndroidManifest.xml:69:17-82
128            <meta-data
128-->[com.google.firebase:firebase-storage:20.1.0] AndroidManifest.xml:32:13-34:85
129                android:name="com.google.firebase.components:com.google.firebase.storage.StorageRegistrar"
129-->[com.google.firebase:firebase-storage:20.1.0] AndroidManifest.xml:33:17-107
130                android:value="com.google.firebase.components.ComponentRegistrar" />
130-->[com.google.firebase:firebase-storage:20.1.0] AndroidManifest.xml:34:17-82
131            <meta-data
131-->[com.google.firebase:firebase-firestore:24.4.1] AndroidManifest.xml:19:13-21:85
132                android:name="com.google.firebase.components:com.google.firebase.firestore.FirestoreRegistrar"
132-->[com.google.firebase:firebase-firestore:24.4.1] AndroidManifest.xml:20:17-111
133                android:value="com.google.firebase.components.ComponentRegistrar" />
133-->[com.google.firebase:firebase-firestore:24.4.1] AndroidManifest.xml:21:17-82
134            <meta-data
134-->[com.google.android.gms:play-services-measurement-api:21.2.0] AndroidManifest.xml:31:13-33:85
135                android:name="com.google.firebase.components:com.google.firebase.analytics.connector.internal.AnalyticsConnectorRegistrar"
135-->[com.google.android.gms:play-services-measurement-api:21.2.0] AndroidManifest.xml:32:17-139
136                android:value="com.google.firebase.components.ComponentRegistrar" />
136-->[com.google.android.gms:play-services-measurement-api:21.2.0] AndroidManifest.xml:33:17-82
137            <meta-data
137-->[com.google.firebase:firebase-installations:17.1.0] AndroidManifest.xml:17:13-19:85
138                android:name="com.google.firebase.components:com.google.firebase.installations.FirebaseInstallationsRegistrar"
138-->[com.google.firebase:firebase-installations:17.1.0] AndroidManifest.xml:18:17-127
139                android:value="com.google.firebase.components.ComponentRegistrar" />
139-->[com.google.firebase:firebase-installations:17.1.0] AndroidManifest.xml:19:17-82
140            <meta-data
140-->[com.google.firebase:firebase-datatransport:18.1.7] AndroidManifest.xml:27:13-29:85
141                android:name="com.google.firebase.components:com.google.firebase.datatransport.TransportRegistrar"
141-->[com.google.firebase:firebase-datatransport:18.1.7] AndroidManifest.xml:28:17-115
142                android:value="com.google.firebase.components.ComponentRegistrar" />
142-->[com.google.firebase:firebase-datatransport:18.1.7] AndroidManifest.xml:29:17-82
143        </service>
144        <service
144-->[:firebase_messaging] AndroidManifest.xml:16:9-19:72
145            android:name="io.flutter.plugins.firebase.messaging.FlutterFirebaseMessagingBackgroundService"
145-->[:firebase_messaging] AndroidManifest.xml:17:13-107
146            android:exported="false"
146-->[:firebase_messaging] AndroidManifest.xml:18:13-37
147            android:permission="android.permission.BIND_JOB_SERVICE" />
147-->[:firebase_messaging] AndroidManifest.xml:19:13-69
148        <service
148-->[:firebase_messaging] AndroidManifest.xml:20:9-26:19
149            android:name="io.flutter.plugins.firebase.messaging.FlutterFirebaseMessagingService"
149-->[:firebase_messaging] AndroidManifest.xml:21:13-97
150            android:exported="false" >
150-->[:firebase_messaging] AndroidManifest.xml:22:13-37
151            <intent-filter>
151-->[:firebase_messaging] AndroidManifest.xml:23:13-25:29
152                <action android:name="com.google.firebase.MESSAGING_EVENT" />
152-->[:firebase_messaging] AndroidManifest.xml:24:17-78
152-->[:firebase_messaging] AndroidManifest.xml:24:25-75
153            </intent-filter>
154        </service>
155
156        <receiver
156-->[:firebase_messaging] AndroidManifest.xml:28:9-35:20
157            android:name="io.flutter.plugins.firebase.messaging.FlutterFirebaseMessagingReceiver"
157-->[:firebase_messaging] AndroidManifest.xml:29:13-98
158            android:exported="true"
158-->[:firebase_messaging] AndroidManifest.xml:30:13-36
159            android:permission="com.google.android.c2dm.permission.SEND" >
159-->[:firebase_messaging] AndroidManifest.xml:31:13-73
160            <intent-filter>
160-->[:firebase_messaging] AndroidManifest.xml:32:13-34:29
161                <action android:name="com.google.android.c2dm.intent.RECEIVE" />
161-->[:firebase_messaging] AndroidManifest.xml:33:17-81
161-->[:firebase_messaging] AndroidManifest.xml:33:25-78
162            </intent-filter>
163        </receiver>
164
165        <provider
165-->[:firebase_messaging] AndroidManifest.xml:43:9-47:38
166            android:name="io.flutter.plugins.firebase.messaging.FlutterFirebaseMessagingInitProvider"
166-->[:firebase_messaging] AndroidManifest.xml:44:13-102
167            android:authorities="com.tesis.babysitters_app.flutterfirebasemessaginginitprovider"
167-->[:firebase_messaging] AndroidManifest.xml:45:13-88
168            android:exported="false"
168-->[:firebase_messaging] AndroidManifest.xml:46:13-37
169            android:initOrder="99" />
169-->[:firebase_messaging] AndroidManifest.xml:47:13-35
170        <provider
170-->[:image_picker_android] AndroidManifest.xml:10:9-18:20
171            android:name="io.flutter.plugins.imagepicker.ImagePickerFileProvider"
171-->[:image_picker_android] AndroidManifest.xml:11:13-82
172            android:authorities="com.tesis.babysitters_app.flutter.image_provider"
172-->[:image_picker_android] AndroidManifest.xml:12:13-74
173            android:exported="false"
173-->[:image_picker_android] AndroidManifest.xml:13:13-37
174            android:grantUriPermissions="true" >
174-->[:image_picker_android] AndroidManifest.xml:14:13-47
175            <meta-data
175-->[:image_picker_android] AndroidManifest.xml:15:13-17:75
176                android:name="android.support.FILE_PROVIDER_PATHS"
176-->[:image_picker_android] AndroidManifest.xml:16:17-67
177                android:resource="@xml/flutter_image_picker_file_paths" />
177-->[:image_picker_android] AndroidManifest.xml:17:17-72
178        </provider>
179
180        <receiver
180-->[:awesome_notifications] AndroidManifest.xml:15:9-17:39
181            android:name="me.carda.awesome_notifications.DartNotificationActionReceiver"
181-->[:awesome_notifications] AndroidManifest.xml:16:13-89
182            android:exported="true" />
182-->[:awesome_notifications] AndroidManifest.xml:17:13-36
183        <receiver
183-->[:awesome_notifications] AndroidManifest.xml:18:9-20:39
184            android:name="me.carda.awesome_notifications.DartDismissedNotificationReceiver"
184-->[:awesome_notifications] AndroidManifest.xml:19:13-92
185            android:exported="true" />
185-->[:awesome_notifications] AndroidManifest.xml:20:13-36
186        <receiver
186-->[:awesome_notifications] AndroidManifest.xml:21:9-23:39
187            android:name="me.carda.awesome_notifications.DartScheduledNotificationReceiver"
187-->[:awesome_notifications] AndroidManifest.xml:22:13-92
188            android:exported="true" />
188-->[:awesome_notifications] AndroidManifest.xml:23:13-36
189        <receiver
189-->[:awesome_notifications] AndroidManifest.xml:24:9-38:20
190            android:name="me.carda.awesome_notifications.DartRefreshSchedulesReceiver"
190-->[:awesome_notifications] AndroidManifest.xml:25:13-87
191            android:enabled="true"
191-->[:awesome_notifications] AndroidManifest.xml:26:13-35
192            android:exported="true" >
192-->[:awesome_notifications] AndroidManifest.xml:27:13-36
193            <intent-filter>
193-->[:awesome_notifications] AndroidManifest.xml:28:13-37:29
194                <category android:name="android.intent.category.DEFAULT" />
194-->[:awesome_notifications] AndroidManifest.xml:29:17-76
194-->[:awesome_notifications] AndroidManifest.xml:29:27-73
195
196                <action android:name="android.intent.action.BOOT_COMPLETED" />
196-->[:awesome_notifications] AndroidManifest.xml:31:17-79
196-->[:awesome_notifications] AndroidManifest.xml:31:25-76
197                <action android:name="android.intent.action.LOCKED_BOOT_COMPLETED" />
197-->[:awesome_notifications] AndroidManifest.xml:32:17-86
197-->[:awesome_notifications] AndroidManifest.xml:32:25-83
198                <action android:name="android.intent.action.MY_PACKAGE_REPLACED" />
198-->[:awesome_notifications] AndroidManifest.xml:33:17-84
198-->[:awesome_notifications] AndroidManifest.xml:33:25-81
199                <action android:name="android.intent.action.QUICKBOOT_POWERON" />
199-->[:awesome_notifications] AndroidManifest.xml:34:17-82
199-->[:awesome_notifications] AndroidManifest.xml:34:25-79
200                <action android:name="com.htc.intent.action.QUICKBOOT_POWERON" />
200-->[:awesome_notifications] AndroidManifest.xml:35:17-82
200-->[:awesome_notifications] AndroidManifest.xml:35:25-79
201                <action android:name="android.app.action.SCHEDULE_EXACT_ALARM_PERMISSION_STATE_CHANGED" />
201-->[:awesome_notifications] AndroidManifest.xml:36:17-107
201-->[:awesome_notifications] AndroidManifest.xml:36:25-104
202            </intent-filter>
203        </receiver>
204
205        <service
205-->[:awesome_notifications] AndroidManifest.xml:40:9-43:72
206            android:name="me.carda.awesome_notifications.DartBackgroundService"
206-->[:awesome_notifications] AndroidManifest.xml:41:13-80
207            android:exported="false"
207-->[:awesome_notifications] AndroidManifest.xml:42:13-37
208            android:permission="android.permission.BIND_JOB_SERVICE" />
208-->[:awesome_notifications] AndroidManifest.xml:43:13-69
209        <service
209-->[:awesome_notifications] AndroidManifest.xml:44:9-49:43
210            android:name="me.carda.awesome_notifications.core.services.ForegroundService"
210-->[:awesome_notifications] AndroidManifest.xml:45:13-90
211            android:enabled="true"
211-->[:awesome_notifications] AndroidManifest.xml:46:13-35
212            android:exported="false"
212-->[:awesome_notifications] AndroidManifest.xml:47:13-37
213            android:foregroundServiceType="phoneCall"
213-->[:awesome_notifications] AndroidManifest.xml:48:13-54
214            android:stopWithTask="true" />
214-->[:awesome_notifications] AndroidManifest.xml:49:13-40
215
216        <activity
216-->[:url_launcher_android] AndroidManifest.xml:10:9-13:74
217            android:name="io.flutter.plugins.urllauncher.WebViewActivity"
217-->[:url_launcher_android] AndroidManifest.xml:11:13-74
218            android:exported="false"
218-->[:url_launcher_android] AndroidManifest.xml:12:13-37
219            android:theme="@android:style/Theme.NoTitleBar.Fullscreen" />
219-->[:url_launcher_android] AndroidManifest.xml:13:13-71
220
221        <receiver
221-->[com.google.firebase:firebase-messaging:23.1.1] AndroidManifest.xml:31:9-38:20
222            android:name="com.google.firebase.iid.FirebaseInstanceIdReceiver"
222-->[com.google.firebase:firebase-messaging:23.1.1] AndroidManifest.xml:32:13-78
223            android:exported="true"
223-->[com.google.firebase:firebase-messaging:23.1.1] AndroidManifest.xml:33:13-36
224            android:permission="com.google.android.c2dm.permission.SEND" >
224-->[com.google.firebase:firebase-messaging:23.1.1] AndroidManifest.xml:34:13-73
225            <intent-filter>
225-->[:firebase_messaging] AndroidManifest.xml:32:13-34:29
226                <action android:name="com.google.android.c2dm.intent.RECEIVE" />
226-->[:firebase_messaging] AndroidManifest.xml:33:17-81
226-->[:firebase_messaging] AndroidManifest.xml:33:25-78
227            </intent-filter>
228        </receiver>
229        <!--
230             FirebaseMessagingService performs security checks at runtime,
231             but set to not exported to explicitly avoid allowing another app to call it.
232        -->
233        <service
233-->[com.google.firebase:firebase-messaging:23.1.1] AndroidManifest.xml:44:9-51:19
234            android:name="com.google.firebase.messaging.FirebaseMessagingService"
234-->[com.google.firebase:firebase-messaging:23.1.1] AndroidManifest.xml:45:13-82
235            android:directBootAware="true"
235-->[com.google.firebase:firebase-messaging:23.1.1] AndroidManifest.xml:46:13-43
236            android:exported="false" >
236-->[com.google.firebase:firebase-messaging:23.1.1] AndroidManifest.xml:47:13-37
237            <intent-filter android:priority="-500" >
237-->[:firebase_messaging] AndroidManifest.xml:23:13-25:29
238                <action android:name="com.google.firebase.MESSAGING_EVENT" />
238-->[:firebase_messaging] AndroidManifest.xml:24:17-78
238-->[:firebase_messaging] AndroidManifest.xml:24:25-75
239            </intent-filter>
240        </service>
241
242        <receiver
242-->[com.google.android.gms:play-services-measurement:21.2.0] AndroidManifest.xml:29:9-33:20
243            android:name="com.google.android.gms.measurement.AppMeasurementReceiver"
243-->[com.google.android.gms:play-services-measurement:21.2.0] AndroidManifest.xml:30:13-85
244            android:enabled="true"
244-->[com.google.android.gms:play-services-measurement:21.2.0] AndroidManifest.xml:31:13-35
245            android:exported="false" >
245-->[com.google.android.gms:play-services-measurement:21.2.0] AndroidManifest.xml:32:13-37
246        </receiver>
247
248        <service
248-->[com.google.android.gms:play-services-measurement:21.2.0] AndroidManifest.xml:35:9-38:40
249            android:name="com.google.android.gms.measurement.AppMeasurementService"
249-->[com.google.android.gms:play-services-measurement:21.2.0] AndroidManifest.xml:36:13-84
250            android:enabled="true"
250-->[com.google.android.gms:play-services-measurement:21.2.0] AndroidManifest.xml:37:13-35
251            android:exported="false" />
251-->[com.google.android.gms:play-services-measurement:21.2.0] AndroidManifest.xml:38:13-37
252        <service
252-->[com.google.android.gms:play-services-measurement:21.2.0] AndroidManifest.xml:39:9-43:72
253            android:name="com.google.android.gms.measurement.AppMeasurementJobService"
253-->[com.google.android.gms:play-services-measurement:21.2.0] AndroidManifest.xml:40:13-87
254            android:enabled="true"
254-->[com.google.android.gms:play-services-measurement:21.2.0] AndroidManifest.xml:41:13-35
255            android:exported="false"
255-->[com.google.android.gms:play-services-measurement:21.2.0] AndroidManifest.xml:42:13-37
256            android:permission="android.permission.BIND_JOB_SERVICE" />
256-->[com.google.android.gms:play-services-measurement:21.2.0] AndroidManifest.xml:43:13-69
257
258        <activity
258-->[com.google.firebase:firebase-auth:21.1.0] AndroidManifest.xml:27:9-44:20
259            android:name="com.google.firebase.auth.internal.GenericIdpActivity"
259-->[com.google.firebase:firebase-auth:21.1.0] AndroidManifest.xml:28:13-80
260            android:excludeFromRecents="true"
260-->[com.google.firebase:firebase-auth:21.1.0] AndroidManifest.xml:29:13-46
261            android:exported="true"
261-->[com.google.firebase:firebase-auth:21.1.0] AndroidManifest.xml:30:13-36
262            android:launchMode="singleTask"
262-->[com.google.firebase:firebase-auth:21.1.0] AndroidManifest.xml:31:13-44